# JRE version: Java(TM) SE Runtime Environment (17.0.7+8) (build 17.0.7+8-LTS-224)
# Java VM: Java HotSpot(TM) 64-Bit Server VM (17.0.7+8-LTS-224, mixed mode, emulated-client, sharing, tiered, compressed oops, compressed class ptrs, g1 gc, windows-amd64)
GC Precious Log:
 CPUs: 4 total, 4 available
 Memory: 3897M
 Large Page Support: Disabled
 NUMA Support: Disabled
 Compressed Oops: Enabled (32-bit)
 Heap Region Size: 1M
 Heap Min Capacity: 8M
 Heap Initial Capacity: 62M
 Heap Max Capacity: 976M
 Pre-touch: Disabled
 Parallel Workers: 4
 Concurrent Workers: 1
 Concurrent Refinement Workers: 4
 Periodic GC: Disabled
Heap:
 garbage-first heap   total 63488K, used 21676K [0x00000000c3000000, 0x0000000100000000)
  region size 1024K, 15 young (15360K), 4 survivors (4096K)
 Metaspace       used 18752K, committed 19008K, reserved 1073152K
  class space    used 2506K, committed 2624K, reserved 1048576K
GC Heap History (8 events):
Event: 1.632 GC heap before
{Heap before GC invocations=0 (full 0):
 garbage-first heap   total 63488K, used 13312K [0x00000000c3000000, 0x0000000100000000)
  region size 1024K, 13 young (13312K), 0 survivors (0K)
 Metaspace       used 5520K, committed 5760K, reserved 1056768K
  class space    used 654K, committed 768K, reserved 1048576K
}
Event: 1.644 GC heap after
{Heap after GC invocations=1 (full 0):
 garbage-first heap   total 63488K, used 6752K [0x00000000c3000000, 0x0000000100000000)
  region size 1024K, 2 young (2048K), 2 survivors (2048K)
 Metaspace       used 5520K, committed 5760K, reserved 1056768K
  class space    used 654K, committed 768K, reserved 1048576K
}
Event: 4.168 GC heap before
{Heap before GC invocations=1 (full 0):
 garbage-first heap   total 63488K, used 14944K [0x00000000c3000000, 0x0000000100000000)
  region size 1024K, 10 young (10240K), 2 survivors (2048K)
 Metaspace       used 7653K, committed 7936K, reserved 1056768K
  class space    used 975K, committed 1088K, reserved 1048576K
}
Event: 4.176 GC heap after
{Heap after GC invocations=2 (full 0):
 garbage-first heap   total 63488K, used 7547K [0x00000000c3000000, 0x0000000100000000)
  region size 1024K, 1 young (1024K), 1 survivors (1024K)
 Metaspace       used 7653K, committed 7936K, reserved 1056768K
  class space    used 975K, committed 1088K, reserved 1048576K
}
Event: 5.198 GC heap before
{Heap before GC invocations=2 (full 0):
 garbage-first heap   total 63488K, used 25979K [0x00000000c3000000, 0x0000000100000000)
  region size 1024K, 20 young (20480K), 1 survivors (1024K)
 Metaspace       used 12184K, committed 12480K, reserved 1064960K
  class space    used 1650K, committed 1792K, reserved 1048576K
}
Event: 5.204 GC heap after
{Heap after GC invocations=3 (full 0):
 garbage-first heap   total 63488K, used 9050K [0x00000000c3000000, 0x0000000100000000)
  region size 1024K, 3 young (3072K), 3 survivors (3072K)
 Metaspace       used 12184K, committed 12480K, reserved 1064960K
  class space    used 1650K, committed 1792K, reserved 1048576K
}
Event: 7.024 GC heap before
{Heap before GC invocations=3 (full 0):
 garbage-first heap   total 63488K, used 37722K [0x00000000c3000000, 0x0000000100000000)
  region size 1024K, 32 young (32768K), 3 survivors (3072K)
 Metaspace       used 18190K, committed 18496K, reserved 1073152K
  class space    used 2416K, committed 2560K, reserved 1048576K
}
Event: 7.035 GC heap after
{Heap after GC invocations=4 (full 0):
 garbage-first heap   total 63488K, used 11436K [0x00000000c3000000, 0x0000000100000000)
  region size 1024K, 4 young (4096K), 4 survivors (4096K)
 Metaspace       used 18190K, committed 18496K, reserved 1073152K
  class space    used 2416K, committed 2560K, reserved 1048576K
}

