# JRE version: Java(TM) SE Runtime Environment (17.0.7+8) (build 17.0.7+8-LTS-224)
# Java VM: Java HotSpot(TM) 64-Bit Server VM (17.0.7+8-LTS-224, mixed mode, emulated-client, sharing, tiered, compressed oops, compressed class ptrs, g1 gc, windows-amd64)
GC Precious Log:
 CPUs: 4 total, 4 available
 Memory: 3897M
 Large Page Support: Disabled
 NUMA Support: Disabled
 Compressed Oops: Enabled (32-bit)
 Heap Region Size: 1M
 Heap Min Capacity: 8M
 Heap Initial Capacity: 62M
 Heap Max Capacity: 976M
 Pre-touch: Disabled
 Parallel Workers: 4
 Concurrent Workers: 1
 Concurrent Refinement Workers: 4
 Periodic GC: Disabled
Heap:
 garbage-first heap   total 111616K, used 67988K [0x00000000c3000000, 0x0000000100000000)
  region size 1024K, 12 young (12288K), 4 survivors (4096K)
 Metaspace       used 55068K, committed 55616K, reserved 1097728K
  class space    used 7230K, committed 7488K, reserved 1048576K
GC Heap History (20 events):
Event: 12.362 GC heap before
{Heap before GC invocations=18 (full 0):
 garbage-first heap   total 110592K, used 89916K [0x00000000c3000000, 0x0000000100000000)
  region size 1024K, 55 young (56320K), 5 survivors (5120K)
 Metaspace       used 35521K, committed 36032K, reserved 1081344K
  class space    used 4545K, committed 4800K, reserved 1048576K
}
Event: 12.379 GC heap after
{Heap after GC invocations=19 (full 0):
 garbage-first heap   total 110592K, used 40976K [0x00000000c3000000, 0x0000000100000000)
  region size 1024K, 4 young (4096K), 4 survivors (4096K)
 Metaspace       used 35521K, committed 36032K, reserved 1081344K
  class space    used 4545K, committed 4800K, reserved 1048576K
}
Event: 12.422 GC heap before
{Heap before GC invocations=19 (full 0):
 garbage-first heap   total 110592K, used 43024K [0x00000000c3000000, 0x0000000100000000)
  region size 1024K, 7 young (7168K), 4 survivors (4096K)
 Metaspace       used 35730K, committed 36160K, reserved 1081344K
  class space    used 4589K, committed 4800K, reserved 1048576K
}
Event: 12.435 GC heap after
{Heap after GC invocations=20 (full 0):
 garbage-first heap   total 110592K, used 41337K [0x00000000c3000000, 0x0000000100000000)
  region size 1024K, 3 young (3072K), 3 survivors (3072K)
 Metaspace       used 35730K, committed 36160K, reserved 1081344K
  class space    used 4589K, committed 4800K, reserved 1048576K
}
Event: 13.419 GC heap before
{Heap before GC invocations=21 (full 0):
 garbage-first heap   total 110592K, used 91513K [0x00000000c3000000, 0x0000000100000000)
  region size 1024K, 52 young (53248K), 3 survivors (3072K)
 Metaspace       used 38332K, committed 38720K, reserved 1089536K
  class space    used 4872K, committed 5056K, reserved 1048576K
}
Event: 13.430 GC heap after
{Heap after GC invocations=22 (full 0):
 garbage-first heap   total 110592K, used 44225K [0x00000000c3000000, 0x0000000100000000)
  region size 1024K, 6 young (6144K), 6 survivors (6144K)
 Metaspace       used 38332K, committed 38720K, reserved 1089536K
  class space    used 4872K, committed 5056K, reserved 1048576K
}
Event: 14.348 GC heap before
{Heap before GC invocations=22 (full 0):
 garbage-first heap   total 110592K, used 91329K [0x00000000c3000000, 0x0000000100000000)
  region size 1024K, 52 young (53248K), 6 survivors (6144K)
 Metaspace       used 41094K, committed 41472K, reserved 1089536K
  class space    used 5215K, committed 5376K, reserved 1048576K
}
Event: 14.360 GC heap after
{Heap after GC invocations=23 (full 0):
 garbage-first heap   total 110592K, used 47414K [0x00000000c3000000, 0x0000000100000000)
  region size 1024K, 7 young (7168K), 7 survivors (7168K)
 Metaspace       used 41094K, committed 41472K, reserved 1089536K
  class space    used 5215K, committed 5376K, reserved 1048576K
}
Event: 14.977 GC heap before
{Heap before GC invocations=23 (full 0):
 garbage-first heap   total 110592K, used 91446K [0x00000000c3000000, 0x0000000100000000)
  region size 1024K, 50 young (51200K), 7 survivors (7168K)
 Metaspace       used 43364K, committed 43776K, reserved 1089536K
  class space    used 5512K, committed 5696K, reserved 1048576K
}
Event: 14.992 GC heap after
{Heap after GC invocations=24 (full 0):
 garbage-first heap   total 110592K, used 49403K [0x00000000c3000000, 0x0000000100000000)
  region size 1024K, 5 young (5120K), 5 survivors (5120K)
 Metaspace       used 43364K, committed 43776K, reserved 1089536K
  class space    used 5512K, committed 5696K, reserved 1048576K
}
Event: 16.030 GC heap before
{Heap before GC invocations=24 (full 0):
 garbage-first heap   total 110592K, used 91387K [0x00000000c3000000, 0x0000000100000000)
  region size 1024K, 46 young (47104K), 5 survivors (5120K)
 Metaspace       used 45846K, committed 46336K, reserved 1089536K
  class space    used 5815K, committed 6080K, reserved 1048576K
}
Event: 16.047 GC heap after
{Heap after GC invocations=25 (full 0):
 garbage-first heap   total 110592K, used 51920K [0x00000000c3000000, 0x0000000100000000)
  region size 1024K, 5 young (5120K), 5 survivors (5120K)
 Metaspace       used 45846K, committed 46336K, reserved 1089536K
  class space    used 5815K, committed 6080K, reserved 1048576K
}
Event: 16.841 GC heap before
{Heap before GC invocations=25 (full 0):
 garbage-first heap   total 110592K, used 91856K [0x00000000c3000000, 0x0000000100000000)
  region size 1024K, 44 young (45056K), 5 survivors (5120K)
 Metaspace       used 48986K, committed 49472K, reserved 1097728K
  class space    used 6287K, committed 6528K, reserved 1048576K
}
Event: 16.851 GC heap after
{Heap after GC invocations=26 (full 0):
 garbage-first heap   total 110592K, used 54183K [0x00000000c3000000, 0x0000000100000000)
  region size 1024K, 5 young (5120K), 5 survivors (5120K)
 Metaspace       used 48986K, committed 49472K, reserved 1097728K
  class space    used 6287K, committed 6528K, reserved 1048576K
}
Event: 17.651 GC heap before
{Heap before GC invocations=26 (full 0):
 garbage-first heap   total 110592K, used 92071K [0x00000000c3000000, 0x0000000100000000)
  region size 1024K, 42 young (43008K), 5 survivors (5120K)
 Metaspace       used 51212K, committed 51648K, reserved 1097728K
  class space    used 6683K, committed 6912K, reserved 1048576K
}
Event: 17.660 GC heap after
{Heap after GC invocations=27 (full 0):
 garbage-first heap   total 110592K, used 56948K [0x00000000c3000000, 0x0000000100000000)
  region size 1024K, 6 young (6144K), 6 survivors (6144K)
 Metaspace       used 51212K, committed 51648K, reserved 1097728K
  class space    used 6683K, committed 6912K, reserved 1048576K
}
Event: 18.240 GC heap before
{Heap before GC invocations=28 (full 0):
 garbage-first heap   total 111616K, used 91764K [0x00000000c3000000, 0x0000000100000000)
  region size 1024K, 40 young (40960K), 6 survivors (6144K)
 Metaspace       used 52717K, committed 53184K, reserved 1097728K
  class space    used 6929K, committed 7168K, reserved 1048576K
}
Event: 18.248 GC heap after
{Heap after GC invocations=29 (full 0):
 garbage-first heap   total 111616K, used 59234K [0x00000000c3000000, 0x0000000100000000)
  region size 1024K, 3 young (3072K), 3 survivors (3072K)
 Metaspace       used 52717K, committed 53184K, reserved 1097728K
  class space    used 6929K, committed 7168K, reserved 1048576K
}
Event: 19.849 GC heap before
{Heap before GC invocations=29 (full 0):
 garbage-first heap   total 111616K, used 93026K [0x00000000c3000000, 0x0000000100000000)
  region size 1024K, 36 young (36864K), 3 survivors (3072K)
 Metaspace       used 54701K, committed 55232K, reserved 1097728K
  class space    used 7183K, committed 7424K, reserved 1048576K
}
Event: 19.855 GC heap after
{Heap after GC invocations=30 (full 0):
 garbage-first heap   total 111616K, used 60820K [0x00000000c3000000, 0x0000000100000000)
  region size 1024K, 4 young (4096K), 4 survivors (4096K)
 Metaspace       used 54701K, committed 55232K, reserved 1097728K
  class space    used 7183K, committed 7424K, reserved 1048576K
}

